# JRE version: OpenJDK Runtime Environment (8.0_152-b01) (build 1.8.0_152-release-1248-b01)
# Java VM: OpenJDK 64-Bit Server VM (25.152-b01 mixed mode windows-amd64 compressed oops)
Heap:
 PSYoungGen      total 352256K, used 123464K [0x00000000e0000000, 0x00000000ff900000, 0x0000000100000000)
  eden space 201728K, 42% used [0x00000000e0000000,0x00000000e5480498,0x00000000ec500000)
  from space 150528K, 24% used [0x00000000ec500000,0x00000000ee911ce8,0x00000000f5800000)
  to   space 143872K, 0% used [0x00000000f6c80000,0x00000000f6c80000,0x00000000ff900000)
 ParOldGen       total 1004544K, used 533922K [0x00000000a0000000, 0x00000000dd500000, 0x00000000e0000000)
  object space 1004544K, 53% used [0x00000000a0000000,0x00000000c0968b90,0x00000000dd500000)
 Metaspace       used 114216K, capacity 118021K, committed 118320K, reserved 1153024K
  class space    used 13993K, capacity 14824K, committed 14896K, reserved 1048576K
GC Heap History (10 events):
Event: 684.364 GC heap before
{Heap before GC invocations=158 (full 9):
 PSYoungGen      total 228864K, used 175104K [0x00000000e0000000, 0x0000000100000000, 0x0000000100000000)
  eden space 175104K, 100% used [0x00000000e0000000,0x00000000eab00000,0x00000000eab00000)
  from space 53760K, 0% used [0x00000000fcb80000,0x00000000fcb80000,0x0000000100000000)
  to   space 174592K, 0% used [0x00000000eab00000,0x00000000eab00000,0x00000000f5580000)
 ParOldGen       total 1004544K, used 389947K [0x00000000a0000000, 0x00000000dd500000, 0x00000000e0000000)
  object space 1004544K, 38% used [0x00000000a0000000,0x00000000b7cceef0,0x00000000dd500000)
 Metaspace       used 114213K, capacity 118021K, committed 118320K, reserved 1153024K
  class space    used 13993K, capacity 14824K, committed 14896K, reserved 1048576K
Event: 684.374 GC heap after
Heap after GC invocations=158 (full 9):
 PSYoungGen      total 349696K, used 19207K [0x00000000e0000000, 0x0000000100000000, 0x0000000100000000)
  eden space 175104K, 0% used [0x00000000e0000000,0x00000000e0000000,0x00000000eab00000)
  from space 174592K, 11% used [0x00000000eab00000,0x00000000ebdc1e10,0x00000000f5580000)
  to   space 173568K, 0% used [0x00000000f5680000,0x00000000f5680000,0x0000000100000000)
 ParOldGen       total 1004544K, used 389947K [0x00000000a0000000, 0x00000000dd500000, 0x00000000e0000000)
  object space 1004544K, 38% used [0x00000000a0000000,0x00000000b7cceef0,0x00000000dd500000)
 Metaspace       used 114213K, capacity 118021K, committed 118320K, reserved 1153024K
  class space    used 13993K, capacity 14824K, committed 14896K, reserved 1048576K
}
Event: 684.998 GC heap before
{Heap before GC invocations=159 (full 9):
 PSYoungGen      total 349696K, used 193676K [0x00000000e0000000, 0x0000000100000000, 0x0000000100000000)
  eden space 175104K, 99% used [0x00000000e0000000,0x00000000eaa61388,0x00000000eab00000)
  from space 174592K, 11% used [0x00000000eab00000,0x00000000ebdc1e10,0x00000000f5580000)
  to   space 173568K, 0% used [0x00000000f5680000,0x00000000f5680000,0x0000000100000000)
 ParOldGen       total 1004544K, used 389947K [0x00000000a0000000, 0x00000000dd500000, 0x00000000e0000000)
  object space 1004544K, 38% used [0x00000000a0000000,0x00000000b7cceef0,0x00000000dd500000)
 Metaspace       used 114215K, capacity 118021K, committed 118320K, reserved 1153024K
  class space    used 13993K, capacity 14824K, committed 14896K, reserved 1048576K
Event: 685.014 GC heap after
Heap after GC invocations=159 (full 9):
 PSYoungGen      total 332288K, used 65540K [0x00000000e0000000, 0x00000000fef00000, 0x0000000100000000)
  eden space 176128K, 0% used [0x00000000e0000000,0x00000000e0000000,0x00000000eac00000)
  from space 156160K, 41% used [0x00000000f5680000,0x00000000f9681128,0x00000000fef00000)
  to   space 165376K, 0% used [0x00000000eac00000,0x00000000eac00000,0x00000000f4d80000)
 ParOldGen       total 1004544K, used 401457K [0x00000000a0000000, 0x00000000dd500000, 0x00000000e0000000)
  object space 1004544K, 39% used [0x00000000a0000000,0x00000000b880c5c8,0x00000000dd500000)
 Metaspace       used 114215K, capacity 118021K, committed 118320K, reserved 1153024K
  class space    used 13993K, capacity 14824K, committed 14896K, reserved 1048576K
}
Event: 685.094 GC heap before
{Heap before GC invocations=160 (full 9):
 PSYoungGen      total 332288K, used 241668K [0x00000000e0000000, 0x00000000fef00000, 0x0000000100000000)
  eden space 176128K, 100% used [0x00000000e0000000,0x00000000eac00000,0x00000000eac00000)
  from space 156160K, 41% used [0x00000000f5680000,0x00000000f9681128,0x00000000fef00000)
  to   space 165376K, 0% used [0x00000000eac00000,0x00000000eac00000,0x00000000f4d80000)
 ParOldGen       total 1004544K, used 401457K [0x00000000a0000000, 0x00000000dd500000, 0x00000000e0000000)
  object space 1004544K, 39% used [0x00000000a0000000,0x00000000b880c5c8,0x00000000dd500000)
 Metaspace       used 114215K, capacity 118021K, committed 118320K, reserved 1153024K
  class space    used 13993K, capacity 14824K, committed 14896K, reserved 1048576K
Event: 685.114 GC heap after
Heap after GC invocations=160 (full 9):
 PSYoungGen      total 341504K, used 40952K [0x00000000e0000000, 0x00000000ff780000, 0x0000000100000000)
  eden space 176128K, 0% used [0x00000000e0000000,0x00000000e0000000,0x00000000eac00000)
  from space 165376K, 24% used [0x00000000eac00000,0x00000000ed3fe058,0x00000000f4d80000)
  to   space 157184K, 0% used [0x00000000f5e00000,0x00000000f5e00000,0x00000000ff780000)
 ParOldGen       total 1004544K, used 458291K [0x00000000a0000000, 0x00000000dd500000, 0x00000000e0000000)
  object space 1004544K, 45% used [0x00000000a0000000,0x00000000bbf8cf20,0x00000000dd500000)
 Metaspace       used 114215K, capacity 118021K, committed 118320K, reserved 1153024K
  class space    used 13993K, capacity 14824K, committed 14896K, reserved 1048576K
}
Event: 685.152 GC heap before
{Heap before GC invocations=161 (full 9):
 PSYoungGen      total 341504K, used 217080K [0x00000000e0000000, 0x00000000ff780000, 0x0000000100000000)
  eden space 176128K, 100% used [0x00000000e0000000,0x00000000eac00000,0x00000000eac00000)
  from space 165376K, 24% used [0x00000000eac00000,0x00000000ed3fe058,0x00000000f4d80000)
  to   space 157184K, 0% used [0x00000000f5e00000,0x00000000f5e00000,0x00000000ff780000)
 ParOldGen       total 1004544K, used 458291K [0x00000000a0000000, 0x00000000dd500000, 0x00000000e0000000)
  object space 1004544K, 45% used [0x00000000a0000000,0x00000000bbf8cf20,0x00000000dd500000)
 Metaspace       used 114215K, capacity 118021K, committed 118320K, reserved 1153024K
  class space    used 13993K, capacity 14824K, committed 14896K, reserved 1048576K
Event: 685.174 GC heap after
Heap after GC invocations=161 (full 9):
 PSYoungGen      total 346112K, used 33359K [0x00000000e0000000, 0x00000000feb00000, 0x0000000100000000)
  eden space 201728K, 0% used [0x00000000e0000000,0x00000000e0000000,0x00000000ec500000)
  from space 144384K, 23% used [0x00000000f5e00000,0x00000000f7e93e78,0x00000000feb00000)
  to   space 150528K, 0% used [0x00000000ec500000,0x00000000ec500000,0x00000000f5800000)
 ParOldGen       total 1004544K, used 502043K [0x00000000a0000000, 0x00000000dd500000, 0x00000000e0000000)
  object space 1004544K, 49% used [0x00000000a0000000,0x00000000bea46d78,0x00000000dd500000)
 Metaspace       used 114215K, capacity 118021K, committed 118320K, reserved 1153024K
  class space    used 13993K, capacity 14824K, committed 14896K, reserved 1048576K
}
Event: 685.237 GC heap before
{Heap before GC invocations=162 (full 9):
 PSYoungGen      total 346112K, used 235087K [0x00000000e0000000, 0x00000000feb00000, 0x0000000100000000)
  eden space 201728K, 100% used [0x00000000e0000000,0x00000000ec500000,0x00000000ec500000)
  from space 144384K, 23% used [0x00000000f5e00000,0x00000000f7e93e78,0x00000000feb00000)
  to   space 150528K, 0% used [0x00000000ec500000,0x00000000ec500000,0x00000000f5800000)
 ParOldGen       total 1004544K, used 502043K [0x00000000a0000000, 0x00000000dd500000, 0x00000000e0000000)
  object space 1004544K, 49% used [0x00000000a0000000,0x00000000bea46d78,0x00000000dd500000)
 Metaspace       used 114215K, capacity 118021K, committed 118320K, reserved 1153024K
  class space    used 13993K, capacity 14824K, committed 14896K, reserved 1048576K
Event: 685.260 GC heap after
Heap after GC invocations=162 (full 9):
 PSYoungGen      total 352256K, used 36935K [0x00000000e0000000, 0x00000000ff900000, 0x0000000100000000)
  eden space 201728K, 0% used [0x00000000e0000000,0x00000000e0000000,0x00000000ec500000)
  from space 150528K, 24% used [0x00000000ec500000,0x00000000ee911ce8,0x00000000f5800000)
  to   space 143872K, 0% used [0x00000000f6c80000,0x00000000f6c80000,0x00000000ff900000)
 ParOldGen       total 1004544K, used 533922K [0x00000000a0000000, 0x00000000dd500000, 0x00000000e0000000)
  object space 1004544K, 53% used [0x00000000a0000000,0x00000000c0968b90,0x00000000dd500000)
 Metaspace       used 114215K, capacity 118021K, committed 118320K, reserved 1153024K
  class space    used 13993K, capacity 14824K, committed 14896K, reserved 1048576K
}

